#! /c/Source/iverilog-install/bin/vvp
:ivl_version "12.0 (devel)" "(s20150603-1539-g2693dd32b)";
:ivl_delay_selection "TYPICAL";
:vpi_time_precision + 0;
:vpi_module "C:\iverilog\lib\ivl\system.vpi";
:vpi_module "C:\iverilog\lib\ivl\vhdl_sys.vpi";
:vpi_module "C:\iverilog\lib\ivl\vhdl_textio.vpi";
:vpi_module "C:\iverilog\lib\ivl\v2005_math.vpi";
:vpi_module "C:\iverilog\lib\ivl\va_math.vpi";
:vpi_module "C:\iverilog\lib\ivl\v2009.vpi";
S_000001983fa33aa0 .scope package, "$unit" "$unit" 2 1;
 .timescale 0 0;
S_000001983fa36b60 .scope module, "add" "add" 3 5;
 .timescale 0 0;
    .port_info 0 /INPUT 4 "a";
    .port_info 1 /INPUT 4 "b";
    .port_info 2 /OUTPUT 4 "sum";
o000001983fa45f88 .functor BUFZ 4, C4<zzzz>; HiZ drive
v000001983fa02cc0_0 .net "a", 3 0, o000001983fa45f88;  0 drivers
o000001983fa45fb8 .functor BUFZ 4, C4<zzzz>; HiZ drive
v000001983fa02f00_0 .net "b", 3 0, o000001983fa45fb8;  0 drivers
v000001983fa338c0_0 .net "sum", 3 0, L_000001983fa9e9f0;  1 drivers
L_000001983fa9e9f0 .arith/sum 4, o000001983fa45f88, o000001983fa45fb8;
S_000001983fa36cf0 .scope module, "testbench" "testbench" 4 1;
 .timescale 0 0;
v000001983fa9e810_0 .var/s "a", 3 0;
v000001983fa9e270_0 .var/s "b", 3 0;
v000001983fa9e950_0 .net "overflow", 0 0, L_000001983f9ec1e0;  1 drivers
v000001983fa9e8b0_0 .net/s "sum", 3 0, L_000001983fa9e450;  1 drivers
S_000001983fa345d0 .scope module, "inst" "signed_add_with_overflow" 4 6, 3 19 0, S_000001983fa36cf0;
 .timescale 0 0;
    .port_info 0 /INPUT 4 "a";
    .port_info 1 /INPUT 4 "b";
    .port_info 2 /OUTPUT 4 "sum";
    .port_info 3 /OUTPUT 1 "overflow";
L_000001983f9ebf40 .functor XNOR 1, L_000001983fa9ec70, L_000001983fae7150, C4<0>, C4<0>;
L_000001983f9ec100 .functor XOR 1, L_000001983fae8230, L_000001983fae84b0, C4<0>, C4<0>;
L_000001983f9ec1e0 .functor AND 1, L_000001983f9ebf40, L_000001983f9ec100, C4<1>, C4<1>;
v000001983fa34760_0 .net *"_ivl_0", 4 0, L_000001983fa9e310;  1 drivers
v000001983fa36e80_0 .net *"_ivl_13", 0 0, L_000001983fa9ec70;  1 drivers
v000001983fa36f20_0 .net *"_ivl_15", 0 0, L_000001983fae7150;  1 drivers
v000001983fa02510_0 .net *"_ivl_16", 0 0, L_000001983f9ebf40;  1 drivers
v000001983fa9eef0_0 .net *"_ivl_19", 0 0, L_000001983fae8230;  1 drivers
v000001983fa9e3b0_0 .net *"_ivl_21", 0 0, L_000001983fae84b0;  1 drivers
v000001983fa9ee50_0 .net *"_ivl_22", 0 0, L_000001983f9ec100;  1 drivers
L_000001983fa9f058 .functor BUFT 1, C4<0>, C4<0>, C4<0>, C4<0>;
v000001983fa9ed10_0 .net *"_ivl_3", 0 0, L_000001983fa9f058;  1 drivers
v000001983fa9e4f0_0 .net *"_ivl_4", 4 0, L_000001983fa9ebd0;  1 drivers
L_000001983fa9f0a0 .functor BUFT 1, C4<0>, C4<0>, C4<0>, C4<0>;
v000001983fa9e1d0_0 .net *"_ivl_7", 0 0, L_000001983fa9f0a0;  1 drivers
v000001983fa9ef90_0 .net "a", 3 0, v000001983fa9e810_0;  1 drivers
v000001983fa9e630_0 .net "b", 3 0, v000001983fa9e270_0;  1 drivers
v000001983fa9e6d0_0 .net "help_sum", 4 0, L_000001983fa9edb0;  1 drivers
v000001983fa9ea90_0 .net "overflow", 0 0, L_000001983f9ec1e0;  alias, 1 drivers
v000001983fa9e090_0 .net "sum", 3 0, L_000001983fa9e450;  alias, 1 drivers
L_000001983fa9e310 .concat [ 4 1 0 0], v000001983fa9e810_0, L_000001983fa9f058;
L_000001983fa9ebd0 .concat [ 4 1 0 0], v000001983fa9e270_0, L_000001983fa9f0a0;
L_000001983fa9edb0 .arith/sum 5, L_000001983fa9e310, L_000001983fa9ebd0;
L_000001983fa9e450 .part L_000001983fa9edb0, 0, 4;
L_000001983fa9ec70 .part v000001983fa9e810_0, 3, 1;
L_000001983fae7150 .part v000001983fa9e270_0, 3, 1;
L_000001983fae8230 .part L_000001983fa9edb0, 3, 1;
L_000001983fae84b0 .part v000001983fa9e810_0, 3, 1;
S_000001983fa025b0 .scope task, "test" "test" 4 9, 4 9 0, S_000001983fa36cf0;
 .timescale 0 0;
v000001983fa9e590_0 .var "t_a", 3 0;
v000001983fa9e770_0 .var "t_b", 3 0;
v000001983fa9e130_0 .var "t_overflow", 0 0;
v000001983fa9eb30_0 .var "t_sum", 3 0;
TD_testbench.test ;
    %load/vec4 v000001983fa9e590_0;
    %load/vec4 v000001983fa9e770_0;
    %add;
    %store/vec4 v000001983fa9eb30_0, 0, 4;
    %load/vec4 v000001983fa9e590_0;
    %load/vec4 v000001983fa9e770_0;
    %concat/vec4; draw_concat_vec4
    %split/vec4 4;
    %store/vec4 v000001983fa9e270_0, 0, 4;
    %store/vec4 v000001983fa9e810_0, 0, 4;
    %delay 1, 0;
    %vpi_call/w 4 23 "$write", "TEST %d + %d = ", v000001983fa9e810_0, v000001983fa9e270_0 {0 0 0};
    %load/vec4 v000001983fa9e950_0;
    %cmpi/e 1, 0, 1;
    %jmp/0xz  T_0.0, 6;
    %vpi_call/w 4 26 "$display", "overflow" {0 0 0};
    %jmp T_0.1;
T_0.0 ;
    %load/vec4 v000001983fa9e950_0;
    %cmpi/e 0, 0, 1;
    %jmp/0xz  T_0.2, 6;
    %vpi_call/w 4 28 "$display", "%d", v000001983fa9e8b0_0 {0 0 0};
    %jmp T_0.3;
T_0.2 ;
    %vpi_call/w 4 31 "$display", "\012FAIL %s: overflow is %X", "testbench.sv", v000001983fa9e950_0 {0 0 0};
    %vpi_call/w 4 34 "$finish" {0 0 0};
T_0.3 ;
T_0.1 ;
    %load/vec4 v000001983fa9e950_0;
    %load/vec4 v000001983fa9e130_0;
    %cmp/ne;
    %jmp/0xz  T_0.4, 6;
    %load/vec4 v000001983fa9e130_0;
    %flag_set/vec4 8;
    %jmp/0 T_0.6, 8;
    %pushi/vec4 0, 0, 24; draw_string_vec4
    %jmp/1 T_0.7, 8;
T_0.6 ; End of true expr.
    %pushi/vec4 7237408, 0, 24; draw_string_vec4
    %jmp/0 T_0.7, 8;
 ; End of false expr.
    %blend;
T_0.7;
    %vpi_call/w 4 39 "$display", "FAIL %s: EXPECTED %soverflow", "testbench.sv", S<0,vec4,u24> {1 0 0};
    %vpi_call/w 4 42 "$finish" {0 0 0};
    %jmp T_0.5;
T_0.4 ;
    %load/vec4 v000001983fa9e8b0_0;
    %load/vec4 v000001983fa9eb30_0;
    %cmp/ne;
    %jmp/0xz  T_0.8, 6;
    %vpi_call/w 4 46 "$display", "FAIL %s: EXPECTED sum %d", "testbench.sv", v000001983fa9eb30_0 {0 0 0};
    %vpi_call/w 4 48 "$finish" {0 0 0};
T_0.8 ;
T_0.5 ;
    %end;
    .scope S_000001983fa36cf0;
T_1 ;
    %vpi_call/w 4 59 "$dumpvars" {0 0 0};
    %pushi/vec4 0, 0, 4;
    %store/vec4 v000001983fa9e590_0, 0, 4;
    %pushi/vec4 0, 0, 4;
    %store/vec4 v000001983fa9e770_0, 0, 4;
    %pushi/vec4 0, 0, 1;
    %store/vec4 v000001983fa9e130_0, 0, 1;
    %fork TD_testbench.test, S_000001983fa025b0;
    %join;
    %pushi/vec4 1, 0, 4;
    %store/vec4 v000001983fa9e590_0, 0, 4;
    %pushi/vec4 2, 0, 4;
    %store/vec4 v000001983fa9e770_0, 0, 4;
    %pushi/vec4 0, 0, 1;
    %store/vec4 v000001983fa9e130_0, 0, 1;
    %fork TD_testbench.test, S_000001983fa025b0;
    %join;
    %pushi/vec4 1, 0, 4;
    %store/vec4 v000001983fa9e590_0, 0, 4;
    %pushi/vec4 14, 0, 4;
    %store/vec4 v000001983fa9e770_0, 0, 4;
    %pushi/vec4 0, 0, 1;
    %store/vec4 v000001983fa9e130_0, 0, 1;
    %fork TD_testbench.test, S_000001983fa025b0;
    %join;
    %pushi/vec4 15, 0, 4;
    %store/vec4 v000001983fa9e590_0, 0, 4;
    %pushi/vec4 2, 0, 4;
    %store/vec4 v000001983fa9e770_0, 0, 4;
    %pushi/vec4 0, 0, 1;
    %store/vec4 v000001983fa9e130_0, 0, 1;
    %fork TD_testbench.test, S_000001983fa025b0;
    %join;
    %pushi/vec4 15, 0, 4;
    %store/vec4 v000001983fa9e590_0, 0, 4;
    %pushi/vec4 14, 0, 4;
    %store/vec4 v000001983fa9e770_0, 0, 4;
    %pushi/vec4 0, 0, 1;
    %store/vec4 v000001983fa9e130_0, 0, 1;
    %fork TD_testbench.test, S_000001983fa025b0;
    %join;
    %pushi/vec4 4, 0, 4;
    %store/vec4 v000001983fa9e590_0, 0, 4;
    %pushi/vec4 7, 0, 4;
    %store/vec4 v000001983fa9e770_0, 0, 4;
    %pushi/vec4 1, 0, 1;
    %store/vec4 v000001983fa9e130_0, 0, 1;
    %fork TD_testbench.test, S_000001983fa025b0;
    %join;
    %pushi/vec4 4, 0, 4;
    %store/vec4 v000001983fa9e590_0, 0, 4;
    %pushi/vec4 9, 0, 4;
    %store/vec4 v000001983fa9e770_0, 0, 4;
    %pushi/vec4 0, 0, 1;
    %store/vec4 v000001983fa9e130_0, 0, 1;
    %fork TD_testbench.test, S_000001983fa025b0;
    %join;
    %pushi/vec4 12, 0, 4;
    %store/vec4 v000001983fa9e590_0, 0, 4;
    %pushi/vec4 7, 0, 4;
    %store/vec4 v000001983fa9e770_0, 0, 4;
    %pushi/vec4 0, 0, 1;
    %store/vec4 v000001983fa9e130_0, 0, 1;
    %fork TD_testbench.test, S_000001983fa025b0;
    %join;
    %pushi/vec4 12, 0, 4;
    %store/vec4 v000001983fa9e590_0, 0, 4;
    %pushi/vec4 9, 0, 4;
    %store/vec4 v000001983fa9e770_0, 0, 4;
    %pushi/vec4 1, 0, 1;
    %store/vec4 v000001983fa9e130_0, 0, 1;
    %fork TD_testbench.test, S_000001983fa025b0;
    %join;
    %pushi/vec4 3, 0, 4;
    %store/vec4 v000001983fa9e590_0, 0, 4;
    %pushi/vec4 5, 0, 4;
    %store/vec4 v000001983fa9e770_0, 0, 4;
    %pushi/vec4 1, 0, 1;
    %store/vec4 v000001983fa9e130_0, 0, 1;
    %fork TD_testbench.test, S_000001983fa025b0;
    %join;
    %pushi/vec4 3, 0, 4;
    %store/vec4 v000001983fa9e590_0, 0, 4;
    %pushi/vec4 11, 0, 4;
    %store/vec4 v000001983fa9e770_0, 0, 4;
    %pushi/vec4 0, 0, 1;
    %store/vec4 v000001983fa9e130_0, 0, 1;
    %fork TD_testbench.test, S_000001983fa025b0;
    %join;
    %pushi/vec4 13, 0, 4;
    %store/vec4 v000001983fa9e590_0, 0, 4;
    %pushi/vec4 5, 0, 4;
    %store/vec4 v000001983fa9e770_0, 0, 4;
    %pushi/vec4 0, 0, 1;
    %store/vec4 v000001983fa9e130_0, 0, 1;
    %fork TD_testbench.test, S_000001983fa025b0;
    %join;
    %pushi/vec4 13, 0, 4;
    %store/vec4 v000001983fa9e590_0, 0, 4;
    %pushi/vec4 11, 0, 4;
    %store/vec4 v000001983fa9e770_0, 0, 4;
    %pushi/vec4 0, 0, 1;
    %store/vec4 v000001983fa9e130_0, 0, 1;
    %fork TD_testbench.test, S_000001983fa025b0;
    %join;
    %pushi/vec4 3, 0, 4;
    %store/vec4 v000001983fa9e590_0, 0, 4;
    %pushi/vec4 6, 0, 4;
    %store/vec4 v000001983fa9e770_0, 0, 4;
    %pushi/vec4 1, 0, 1;
    %store/vec4 v000001983fa9e130_0, 0, 1;
    %fork TD_testbench.test, S_000001983fa025b0;
    %join;
    %pushi/vec4 3, 0, 4;
    %store/vec4 v000001983fa9e590_0, 0, 4;
    %pushi/vec4 10, 0, 4;
    %store/vec4 v000001983fa9e770_0, 0, 4;
    %pushi/vec4 0, 0, 1;
    %store/vec4 v000001983fa9e130_0, 0, 1;
    %fork TD_testbench.test, S_000001983fa025b0;
    %join;
    %pushi/vec4 13, 0, 4;
    %store/vec4 v000001983fa9e590_0, 0, 4;
    %pushi/vec4 6, 0, 4;
    %store/vec4 v000001983fa9e770_0, 0, 4;
    %pushi/vec4 0, 0, 1;
    %store/vec4 v000001983fa9e130_0, 0, 1;
    %fork TD_testbench.test, S_000001983fa025b0;
    %join;
    %pushi/vec4 13, 0, 4;
    %store/vec4 v000001983fa9e590_0, 0, 4;
    %pushi/vec4 10, 0, 4;
    %store/vec4 v000001983fa9e770_0, 0, 4;
    %pushi/vec4 1, 0, 1;
    %store/vec4 v000001983fa9e130_0, 0, 1;
    %fork TD_testbench.test, S_000001983fa025b0;
    %join;
    %pushi/vec4 2, 0, 4;
    %store/vec4 v000001983fa9e590_0, 0, 4;
    %pushi/vec4 1, 0, 4;
    %store/vec4 v000001983fa9e770_0, 0, 4;
    %pushi/vec4 0, 0, 1;
    %store/vec4 v000001983fa9e130_0, 0, 1;
    %fork TD_testbench.test, S_000001983fa025b0;
    %join;
    %pushi/vec4 14, 0, 4;
    %store/vec4 v000001983fa9e590_0, 0, 4;
    %pushi/vec4 1, 0, 4;
    %store/vec4 v000001983fa9e770_0, 0, 4;
    %pushi/vec4 0, 0, 1;
    %store/vec4 v000001983fa9e130_0, 0, 1;
    %fork TD_testbench.test, S_000001983fa025b0;
    %join;
    %pushi/vec4 2, 0, 4;
    %store/vec4 v000001983fa9e590_0, 0, 4;
    %pushi/vec4 15, 0, 4;
    %store/vec4 v000001983fa9e770_0, 0, 4;
    %pushi/vec4 0, 0, 1;
    %store/vec4 v000001983fa9e130_0, 0, 1;
    %fork TD_testbench.test, S_000001983fa025b0;
    %join;
    %pushi/vec4 14, 0, 4;
    %store/vec4 v000001983fa9e590_0, 0, 4;
    %pushi/vec4 15, 0, 4;
    %store/vec4 v000001983fa9e770_0, 0, 4;
    %pushi/vec4 0, 0, 1;
    %store/vec4 v000001983fa9e130_0, 0, 1;
    %fork TD_testbench.test, S_000001983fa025b0;
    %join;
    %pushi/vec4 7, 0, 4;
    %store/vec4 v000001983fa9e590_0, 0, 4;
    %pushi/vec4 4, 0, 4;
    %store/vec4 v000001983fa9e770_0, 0, 4;
    %pushi/vec4 1, 0, 1;
    %store/vec4 v000001983fa9e130_0, 0, 1;
    %fork TD_testbench.test, S_000001983fa025b0;
    %join;
    %pushi/vec4 9, 0, 4;
    %store/vec4 v000001983fa9e590_0, 0, 4;
    %pushi/vec4 4, 0, 4;
    %store/vec4 v000001983fa9e770_0, 0, 4;
    %pushi/vec4 0, 0, 1;
    %store/vec4 v000001983fa9e130_0, 0, 1;
    %fork TD_testbench.test, S_000001983fa025b0;
    %join;
    %pushi/vec4 7, 0, 4;
    %store/vec4 v000001983fa9e590_0, 0, 4;
    %pushi/vec4 12, 0, 4;
    %store/vec4 v000001983fa9e770_0, 0, 4;
    %pushi/vec4 0, 0, 1;
    %store/vec4 v000001983fa9e130_0, 0, 1;
    %fork TD_testbench.test, S_000001983fa025b0;
    %join;
    %pushi/vec4 9, 0, 4;
    %store/vec4 v000001983fa9e590_0, 0, 4;
    %pushi/vec4 12, 0, 4;
    %store/vec4 v000001983fa9e770_0, 0, 4;
    %pushi/vec4 1, 0, 1;
    %store/vec4 v000001983fa9e130_0, 0, 1;
    %fork TD_testbench.test, S_000001983fa025b0;
    %join;
    %pushi/vec4 5, 0, 4;
    %store/vec4 v000001983fa9e590_0, 0, 4;
    %pushi/vec4 3, 0, 4;
    %store/vec4 v000001983fa9e770_0, 0, 4;
    %pushi/vec4 1, 0, 1;
    %store/vec4 v000001983fa9e130_0, 0, 1;
    %fork TD_testbench.test, S_000001983fa025b0;
    %join;
    %pushi/vec4 11, 0, 4;
    %store/vec4 v000001983fa9e590_0, 0, 4;
    %pushi/vec4 3, 0, 4;
    %store/vec4 v000001983fa9e770_0, 0, 4;
    %pushi/vec4 0, 0, 1;
    %store/vec4 v000001983fa9e130_0, 0, 1;
    %fork TD_testbench.test, S_000001983fa025b0;
    %join;
    %pushi/vec4 5, 0, 4;
    %store/vec4 v000001983fa9e590_0, 0, 4;
    %pushi/vec4 13, 0, 4;
    %store/vec4 v000001983fa9e770_0, 0, 4;
    %pushi/vec4 0, 0, 1;
    %store/vec4 v000001983fa9e130_0, 0, 1;
    %fork TD_testbench.test, S_000001983fa025b0;
    %join;
    %pushi/vec4 11, 0, 4;
    %store/vec4 v000001983fa9e590_0, 0, 4;
    %pushi/vec4 13, 0, 4;
    %store/vec4 v000001983fa9e770_0, 0, 4;
    %pushi/vec4 0, 0, 1;
    %store/vec4 v000001983fa9e130_0, 0, 1;
    %fork TD_testbench.test, S_000001983fa025b0;
    %join;
    %pushi/vec4 6, 0, 4;
    %store/vec4 v000001983fa9e590_0, 0, 4;
    %pushi/vec4 3, 0, 4;
    %store/vec4 v000001983fa9e770_0, 0, 4;
    %pushi/vec4 1, 0, 1;
    %store/vec4 v000001983fa9e130_0, 0, 1;
    %fork TD_testbench.test, S_000001983fa025b0;
    %join;
    %pushi/vec4 10, 0, 4;
    %store/vec4 v000001983fa9e590_0, 0, 4;
    %pushi/vec4 3, 0, 4;
    %store/vec4 v000001983fa9e770_0, 0, 4;
    %pushi/vec4 0, 0, 1;
    %store/vec4 v000001983fa9e130_0, 0, 1;
    %fork TD_testbench.test, S_000001983fa025b0;
    %join;
    %pushi/vec4 6, 0, 4;
    %store/vec4 v000001983fa9e590_0, 0, 4;
    %pushi/vec4 13, 0, 4;
    %store/vec4 v000001983fa9e770_0, 0, 4;
    %pushi/vec4 0, 0, 1;
    %store/vec4 v000001983fa9e130_0, 0, 1;
    %fork TD_testbench.test, S_000001983fa025b0;
    %join;
    %pushi/vec4 10, 0, 4;
    %store/vec4 v000001983fa9e590_0, 0, 4;
    %pushi/vec4 13, 0, 4;
    %store/vec4 v000001983fa9e770_0, 0, 4;
    %pushi/vec4 1, 0, 1;
    %store/vec4 v000001983fa9e130_0, 0, 1;
    %fork TD_testbench.test, S_000001983fa025b0;
    %join;
    %pushi/vec4 1, 0, 4;
    %store/vec4 v000001983fa9e590_0, 0, 4;
    %pushi/vec4 1, 0, 4;
    %store/vec4 v000001983fa9e770_0, 0, 4;
    %pushi/vec4 0, 0, 1;
    %store/vec4 v000001983fa9e130_0, 0, 1;
    %fork TD_testbench.test, S_000001983fa025b0;
    %join;
    %pushi/vec4 1, 0, 4;
    %store/vec4 v000001983fa9e590_0, 0, 4;
    %pushi/vec4 15, 0, 4;
    %store/vec4 v000001983fa9e770_0, 0, 4;
    %pushi/vec4 0, 0, 1;
    %store/vec4 v000001983fa9e130_0, 0, 1;
    %fork TD_testbench.test, S_000001983fa025b0;
    %join;
    %pushi/vec4 15, 0, 4;
    %store/vec4 v000001983fa9e590_0, 0, 4;
    %pushi/vec4 1, 0, 4;
    %store/vec4 v000001983fa9e770_0, 0, 4;
    %pushi/vec4 0, 0, 1;
    %store/vec4 v000001983fa9e130_0, 0, 1;
    %fork TD_testbench.test, S_000001983fa025b0;
    %join;
    %pushi/vec4 15, 0, 4;
    %store/vec4 v000001983fa9e590_0, 0, 4;
    %pushi/vec4 15, 0, 4;
    %store/vec4 v000001983fa9e770_0, 0, 4;
    %pushi/vec4 0, 0, 1;
    %store/vec4 v000001983fa9e130_0, 0, 1;
    %fork TD_testbench.test, S_000001983fa025b0;
    %join;
    %pushi/vec4 4, 0, 4;
    %store/vec4 v000001983fa9e590_0, 0, 4;
    %pushi/vec4 4, 0, 4;
    %store/vec4 v000001983fa9e770_0, 0, 4;
    %pushi/vec4 1, 0, 1;
    %store/vec4 v000001983fa9e130_0, 0, 1;
    %fork TD_testbench.test, S_000001983fa025b0;
    %join;
    %pushi/vec4 4, 0, 4;
    %store/vec4 v000001983fa9e590_0, 0, 4;
    %pushi/vec4 12, 0, 4;
    %store/vec4 v000001983fa9e770_0, 0, 4;
    %pushi/vec4 0, 0, 1;
    %store/vec4 v000001983fa9e130_0, 0, 1;
    %fork TD_testbench.test, S_000001983fa025b0;
    %join;
    %pushi/vec4 12, 0, 4;
    %store/vec4 v000001983fa9e590_0, 0, 4;
    %pushi/vec4 4, 0, 4;
    %store/vec4 v000001983fa9e770_0, 0, 4;
    %pushi/vec4 0, 0, 1;
    %store/vec4 v000001983fa9e130_0, 0, 1;
    %fork TD_testbench.test, S_000001983fa025b0;
    %join;
    %pushi/vec4 12, 0, 4;
    %store/vec4 v000001983fa9e590_0, 0, 4;
    %pushi/vec4 12, 0, 4;
    %store/vec4 v000001983fa9e770_0, 0, 4;
    %pushi/vec4 0, 0, 1;
    %store/vec4 v000001983fa9e130_0, 0, 1;
    %fork TD_testbench.test, S_000001983fa025b0;
    %join;
    %vpi_call/w 4 114 "$display", "PASS %s", "testbench.sv" {0 0 0};
    %vpi_call/w 4 115 "$finish" {0 0 0};
    %end;
    .thread T_1;
# The file index is used to find the file name in the following table.
:file_names 5;
    "N/A";
    "<interactive>";
    "-";
    "03_01_signed_add_with_overflow.sv";
    "testbench.sv";
