#! /c/Source/iverilog-install/bin/vvp
:ivl_version "12.0 (devel)" "(s20150603-1539-g2693dd32b)";
:ivl_delay_selection "TYPICAL";
:vpi_time_precision + 0;
:vpi_module "C:\iverilog\lib\ivl\system.vpi";
:vpi_module "C:\iverilog\lib\ivl\vhdl_sys.vpi";
:vpi_module "C:\iverilog\lib\ivl\vhdl_textio.vpi";
:vpi_module "C:\iverilog\lib\ivl\v2005_math.vpi";
:vpi_module "C:\iverilog\lib\ivl\va_math.vpi";
:vpi_module "C:\iverilog\lib\ivl\v2009.vpi";
S_0000028e18e4c960 .scope package, "$unit" "$unit" 2 1;
 .timescale 0 0;
S_0000028e18e4cc80 .scope module, "add" "add" 3 5;
 .timescale 0 0;
    .port_info 0 /INPUT 4 "a";
    .port_info 1 /INPUT 4 "b";
    .port_info 2 /OUTPUT 4 "sum";
o0000028e18ea7fd8 .functor BUFZ 4, C4<zzzz>; HiZ drive
v0000028e18e62cc0_0 .net "a", 3 0, o0000028e18ea7fd8;  0 drivers
o0000028e18ea8008 .functor BUFZ 4, C4<zzzz>; HiZ drive
v0000028e18e62f00_0 .net "b", 3 0, o0000028e18ea8008;  0 drivers
v0000028e18e4b0a0_0 .net "sum", 3 0, L_0000028e18efc7f0;  1 drivers
L_0000028e18efc7f0 .arith/sum 4, o0000028e18ea7fd8, o0000028e18ea8008;
S_0000028e18e98e20 .scope module, "testbench" "testbench" 4 1;
 .timescale 0 0;
v0000028e18efc6b0_0 .var/s "a", 3 0;
v0000028e18efc610_0 .var/s "b", 3 0;
v0000028e18efc750_0 .net/s "sum", 3 0, L_0000028e18e4b7c0;  1 drivers
S_0000028e18e98fb0 .scope module, "inst" "signed_add_with_saturation" 4 5, 3 19 0, S_0000028e18e98e20;
 .timescale 0 0;
    .port_info 0 /INPUT 4 "a";
    .port_info 1 /INPUT 4 "b";
    .port_info 2 /OUTPUT 4 "sum";
L_0000028e18e4b7c0 .functor BUFZ 4, v0000028e18e628d0_0, C4<0000>, C4<0000>, C4<0000>;
v0000028e18e99140_0 .net *"_ivl_0", 4 0, L_0000028e18efcc50;  1 drivers
L_0000028e18efd038 .functor BUFT 1, C4<0>, C4<0>, C4<0>, C4<0>;
v0000028e18e991e0_0 .net *"_ivl_3", 0 0, L_0000028e18efd038;  1 drivers
v0000028e18e62510_0 .net *"_ivl_4", 4 0, L_0000028e18efc070;  1 drivers
L_0000028e18efd080 .functor BUFT 1, C4<0>, C4<0>, C4<0>, C4<0>;
v0000028e18e625b0_0 .net *"_ivl_7", 0 0, L_0000028e18efd080;  1 drivers
v0000028e18e62650_0 .net "a", 3 0, v0000028e18efc6b0_0;  1 drivers
v0000028e18e626f0_0 .net "b", 3 0, v0000028e18efc610_0;  1 drivers
v0000028e18e62790_0 .net "help_sum", 4 0, L_0000028e18efc430;  1 drivers
v0000028e18e62830_0 .net "sum", 3 0, L_0000028e18e4b7c0;  alias, 1 drivers
v0000028e18e628d0_0 .var "sum2", 3 0;
E_0000028e18e90520 .event anyedge, v0000028e18e62650_0, v0000028e18e626f0_0, v0000028e18e62790_0, v0000028e18e62790_0;
L_0000028e18efcc50 .concat [ 4 1 0 0], v0000028e18efc6b0_0, L_0000028e18efd038;
L_0000028e18efc070 .concat [ 4 1 0 0], v0000028e18efc610_0, L_0000028e18efd080;
L_0000028e18efc430 .arith/sum 5, L_0000028e18efcc50, L_0000028e18efc070;
S_0000028e18e94100 .scope task, "test" "test" 4 8, 4 8 0, S_0000028e18e98e20;
 .timescale 0 0;
v0000028e18e94290_0 .var "t_a", 3 0;
v0000028e18e94330_0 .var "t_b", 3 0;
v0000028e18efcd90_0 .var "t_sum", 3 0;
TD_testbench.test ;
    %load/vec4 v0000028e18e94290_0;
    %load/vec4 v0000028e18e94330_0;
    %concat/vec4; draw_concat_vec4
    %split/vec4 4;
    %store/vec4 v0000028e18efc610_0, 0, 4;
    %store/vec4 v0000028e18efc6b0_0, 0, 4;
    %delay 1, 0;
    %vpi_call/w 4 17 "$display", "TEST %d + %d = %d", v0000028e18efc6b0_0, v0000028e18efc610_0, v0000028e18efc750_0 {0 0 0};
    %load/vec4 v0000028e18efc750_0;
    %load/vec4 v0000028e18efcd90_0;
    %cmp/ne;
    %jmp/0xz  T_0.0, 6;
    %vpi_call/w 4 21 "$display", "FAIL %s: %d EXPECTED", "testbench.sv", v0000028e18efcd90_0 {0 0 0};
    %vpi_call/w 4 22 "$finish" {0 0 0};
T_0.0 ;
    %end;
    .scope S_0000028e18e98fb0;
T_1 ;
Ewait_0 .event/or E_0000028e18e90520, E_0x0;
    %wait Ewait_0;
    %load/vec4 v0000028e18e62650_0;
    %parti/s 1, 3, 3;
    %load/vec4 v0000028e18e626f0_0;
    %parti/s 1, 3, 3;
    %cmp/e;
    %jmp/0xz  T_1.0, 4;
    %load/vec4 v0000028e18e62650_0;
    %parti/s 1, 3, 3;
    %pad/u 32;
    %cmpi/e 1, 0, 32;
    %jmp/0xz  T_1.2, 4;
    %load/vec4 v0000028e18e62650_0;
    %parti/s 1, 3, 3;
    %load/vec4 v0000028e18e62790_0;
    %parti/s 1, 3, 3;
    %cmp/ne;
    %jmp/0xz  T_1.4, 4;
    %pushi/vec4 8, 0, 4;
    %store/vec4 v0000028e18e628d0_0, 0, 4;
    %jmp T_1.5;
T_1.4 ;
    %load/vec4 v0000028e18e62790_0;
    %parti/s 4, 0, 2;
    %store/vec4 v0000028e18e628d0_0, 0, 4;
T_1.5 ;
    %jmp T_1.3;
T_1.2 ;
    %load/vec4 v0000028e18e62650_0;
    %parti/s 1, 3, 3;
    %load/vec4 v0000028e18e62790_0;
    %parti/s 1, 3, 3;
    %cmp/ne;
    %jmp/0xz  T_1.6, 4;
    %pushi/vec4 7, 0, 4;
    %store/vec4 v0000028e18e628d0_0, 0, 4;
    %jmp T_1.7;
T_1.6 ;
    %load/vec4 v0000028e18e62790_0;
    %parti/s 4, 0, 2;
    %store/vec4 v0000028e18e628d0_0, 0, 4;
T_1.7 ;
T_1.3 ;
    %jmp T_1.1;
T_1.0 ;
    %load/vec4 v0000028e18e62790_0;
    %parti/s 4, 0, 2;
    %store/vec4 v0000028e18e628d0_0, 0, 4;
T_1.1 ;
    %jmp T_1;
    .thread T_1, $push;
    .scope S_0000028e18e98e20;
T_2 ;
    %pushi/vec4 0, 0, 4;
    %store/vec4 v0000028e18e94290_0, 0, 4;
    %pushi/vec4 0, 0, 4;
    %store/vec4 v0000028e18e94330_0, 0, 4;
    %pushi/vec4 0, 0, 4;
    %store/vec4 v0000028e18efcd90_0, 0, 4;
    %fork TD_testbench.test, S_0000028e18e94100;
    %join;
    %pushi/vec4 1, 0, 4;
    %store/vec4 v0000028e18e94290_0, 0, 4;
    %pushi/vec4 2, 0, 4;
    %store/vec4 v0000028e18e94330_0, 0, 4;
    %pushi/vec4 3, 0, 4;
    %store/vec4 v0000028e18efcd90_0, 0, 4;
    %fork TD_testbench.test, S_0000028e18e94100;
    %join;
    %pushi/vec4 1, 0, 4;
    %store/vec4 v0000028e18e94290_0, 0, 4;
    %pushi/vec4 14, 0, 4;
    %store/vec4 v0000028e18e94330_0, 0, 4;
    %pushi/vec4 15, 0, 4;
    %store/vec4 v0000028e18efcd90_0, 0, 4;
    %fork TD_testbench.test, S_0000028e18e94100;
    %join;
    %pushi/vec4 15, 0, 4;
    %store/vec4 v0000028e18e94290_0, 0, 4;
    %pushi/vec4 2, 0, 4;
    %store/vec4 v0000028e18e94330_0, 0, 4;
    %pushi/vec4 1, 0, 4;
    %store/vec4 v0000028e18efcd90_0, 0, 4;
    %fork TD_testbench.test, S_0000028e18e94100;
    %join;
    %pushi/vec4 15, 0, 4;
    %store/vec4 v0000028e18e94290_0, 0, 4;
    %pushi/vec4 14, 0, 4;
    %store/vec4 v0000028e18e94330_0, 0, 4;
    %pushi/vec4 13, 0, 4;
    %store/vec4 v0000028e18efcd90_0, 0, 4;
    %fork TD_testbench.test, S_0000028e18e94100;
    %join;
    %pushi/vec4 4, 0, 4;
    %store/vec4 v0000028e18e94290_0, 0, 4;
    %pushi/vec4 7, 0, 4;
    %store/vec4 v0000028e18e94330_0, 0, 4;
    %pushi/vec4 7, 0, 4;
    %store/vec4 v0000028e18efcd90_0, 0, 4;
    %fork TD_testbench.test, S_0000028e18e94100;
    %join;
    %pushi/vec4 4, 0, 4;
    %store/vec4 v0000028e18e94290_0, 0, 4;
    %pushi/vec4 9, 0, 4;
    %store/vec4 v0000028e18e94330_0, 0, 4;
    %pushi/vec4 13, 0, 4;
    %store/vec4 v0000028e18efcd90_0, 0, 4;
    %fork TD_testbench.test, S_0000028e18e94100;
    %join;
    %pushi/vec4 12, 0, 4;
    %store/vec4 v0000028e18e94290_0, 0, 4;
    %pushi/vec4 7, 0, 4;
    %store/vec4 v0000028e18e94330_0, 0, 4;
    %pushi/vec4 3, 0, 4;
    %store/vec4 v0000028e18efcd90_0, 0, 4;
    %fork TD_testbench.test, S_0000028e18e94100;
    %join;
    %pushi/vec4 12, 0, 4;
    %store/vec4 v0000028e18e94290_0, 0, 4;
    %pushi/vec4 9, 0, 4;
    %store/vec4 v0000028e18e94330_0, 0, 4;
    %pushi/vec4 8, 0, 4;
    %store/vec4 v0000028e18efcd90_0, 0, 4;
    %fork TD_testbench.test, S_0000028e18e94100;
    %join;
    %pushi/vec4 3, 0, 4;
    %store/vec4 v0000028e18e94290_0, 0, 4;
    %pushi/vec4 5, 0, 4;
    %store/vec4 v0000028e18e94330_0, 0, 4;
    %pushi/vec4 7, 0, 4;
    %store/vec4 v0000028e18efcd90_0, 0, 4;
    %fork TD_testbench.test, S_0000028e18e94100;
    %join;
    %pushi/vec4 3, 0, 4;
    %store/vec4 v0000028e18e94290_0, 0, 4;
    %pushi/vec4 11, 0, 4;
    %store/vec4 v0000028e18e94330_0, 0, 4;
    %pushi/vec4 14, 0, 4;
    %store/vec4 v0000028e18efcd90_0, 0, 4;
    %fork TD_testbench.test, S_0000028e18e94100;
    %join;
    %pushi/vec4 13, 0, 4;
    %store/vec4 v0000028e18e94290_0, 0, 4;
    %pushi/vec4 5, 0, 4;
    %store/vec4 v0000028e18e94330_0, 0, 4;
    %pushi/vec4 2, 0, 4;
    %store/vec4 v0000028e18efcd90_0, 0, 4;
    %fork TD_testbench.test, S_0000028e18e94100;
    %join;
    %pushi/vec4 13, 0, 4;
    %store/vec4 v0000028e18e94290_0, 0, 4;
    %pushi/vec4 11, 0, 4;
    %store/vec4 v0000028e18e94330_0, 0, 4;
    %pushi/vec4 8, 0, 4;
    %store/vec4 v0000028e18efcd90_0, 0, 4;
    %fork TD_testbench.test, S_0000028e18e94100;
    %join;
    %pushi/vec4 3, 0, 4;
    %store/vec4 v0000028e18e94290_0, 0, 4;
    %pushi/vec4 6, 0, 4;
    %store/vec4 v0000028e18e94330_0, 0, 4;
    %pushi/vec4 7, 0, 4;
    %store/vec4 v0000028e18efcd90_0, 0, 4;
    %fork TD_testbench.test, S_0000028e18e94100;
    %join;
    %pushi/vec4 3, 0, 4;
    %store/vec4 v0000028e18e94290_0, 0, 4;
    %pushi/vec4 10, 0, 4;
    %store/vec4 v0000028e18e94330_0, 0, 4;
    %pushi/vec4 13, 0, 4;
    %store/vec4 v0000028e18efcd90_0, 0, 4;
    %fork TD_testbench.test, S_0000028e18e94100;
    %join;
    %pushi/vec4 13, 0, 4;
    %store/vec4 v0000028e18e94290_0, 0, 4;
    %pushi/vec4 6, 0, 4;
    %store/vec4 v0000028e18e94330_0, 0, 4;
    %pushi/vec4 3, 0, 4;
    %store/vec4 v0000028e18efcd90_0, 0, 4;
    %fork TD_testbench.test, S_0000028e18e94100;
    %join;
    %pushi/vec4 13, 0, 4;
    %store/vec4 v0000028e18e94290_0, 0, 4;
    %pushi/vec4 10, 0, 4;
    %store/vec4 v0000028e18e94330_0, 0, 4;
    %pushi/vec4 8, 0, 4;
    %store/vec4 v0000028e18efcd90_0, 0, 4;
    %fork TD_testbench.test, S_0000028e18e94100;
    %join;
    %pushi/vec4 2, 0, 4;
    %store/vec4 v0000028e18e94290_0, 0, 4;
    %pushi/vec4 1, 0, 4;
    %store/vec4 v0000028e18e94330_0, 0, 4;
    %pushi/vec4 3, 0, 4;
    %store/vec4 v0000028e18efcd90_0, 0, 4;
    %fork TD_testbench.test, S_0000028e18e94100;
    %join;
    %pushi/vec4 14, 0, 4;
    %store/vec4 v0000028e18e94290_0, 0, 4;
    %pushi/vec4 1, 0, 4;
    %store/vec4 v0000028e18e94330_0, 0, 4;
    %pushi/vec4 15, 0, 4;
    %store/vec4 v0000028e18efcd90_0, 0, 4;
    %fork TD_testbench.test, S_0000028e18e94100;
    %join;
    %pushi/vec4 2, 0, 4;
    %store/vec4 v0000028e18e94290_0, 0, 4;
    %pushi/vec4 15, 0, 4;
    %store/vec4 v0000028e18e94330_0, 0, 4;
    %pushi/vec4 1, 0, 4;
    %store/vec4 v0000028e18efcd90_0, 0, 4;
    %fork TD_testbench.test, S_0000028e18e94100;
    %join;
    %pushi/vec4 14, 0, 4;
    %store/vec4 v0000028e18e94290_0, 0, 4;
    %pushi/vec4 15, 0, 4;
    %store/vec4 v0000028e18e94330_0, 0, 4;
    %pushi/vec4 13, 0, 4;
    %store/vec4 v0000028e18efcd90_0, 0, 4;
    %fork TD_testbench.test, S_0000028e18e94100;
    %join;
    %pushi/vec4 7, 0, 4;
    %store/vec4 v0000028e18e94290_0, 0, 4;
    %pushi/vec4 4, 0, 4;
    %store/vec4 v0000028e18e94330_0, 0, 4;
    %pushi/vec4 7, 0, 4;
    %store/vec4 v0000028e18efcd90_0, 0, 4;
    %fork TD_testbench.test, S_0000028e18e94100;
    %join;
    %pushi/vec4 9, 0, 4;
    %store/vec4 v0000028e18e94290_0, 0, 4;
    %pushi/vec4 4, 0, 4;
    %store/vec4 v0000028e18e94330_0, 0, 4;
    %pushi/vec4 13, 0, 4;
    %store/vec4 v0000028e18efcd90_0, 0, 4;
    %fork TD_testbench.test, S_0000028e18e94100;
    %join;
    %pushi/vec4 7, 0, 4;
    %store/vec4 v0000028e18e94290_0, 0, 4;
    %pushi/vec4 12, 0, 4;
    %store/vec4 v0000028e18e94330_0, 0, 4;
    %pushi/vec4 3, 0, 4;
    %store/vec4 v0000028e18efcd90_0, 0, 4;
    %fork TD_testbench.test, S_0000028e18e94100;
    %join;
    %pushi/vec4 9, 0, 4;
    %store/vec4 v0000028e18e94290_0, 0, 4;
    %pushi/vec4 12, 0, 4;
    %store/vec4 v0000028e18e94330_0, 0, 4;
    %pushi/vec4 8, 0, 4;
    %store/vec4 v0000028e18efcd90_0, 0, 4;
    %fork TD_testbench.test, S_0000028e18e94100;
    %join;
    %pushi/vec4 5, 0, 4;
    %store/vec4 v0000028e18e94290_0, 0, 4;
    %pushi/vec4 3, 0, 4;
    %store/vec4 v0000028e18e94330_0, 0, 4;
    %pushi/vec4 7, 0, 4;
    %store/vec4 v0000028e18efcd90_0, 0, 4;
    %fork TD_testbench.test, S_0000028e18e94100;
    %join;
    %pushi/vec4 11, 0, 4;
    %store/vec4 v0000028e18e94290_0, 0, 4;
    %pushi/vec4 3, 0, 4;
    %store/vec4 v0000028e18e94330_0, 0, 4;
    %pushi/vec4 14, 0, 4;
    %store/vec4 v0000028e18efcd90_0, 0, 4;
    %fork TD_testbench.test, S_0000028e18e94100;
    %join;
    %pushi/vec4 5, 0, 4;
    %store/vec4 v0000028e18e94290_0, 0, 4;
    %pushi/vec4 13, 0, 4;
    %store/vec4 v0000028e18e94330_0, 0, 4;
    %pushi/vec4 2, 0, 4;
    %store/vec4 v0000028e18efcd90_0, 0, 4;
    %fork TD_testbench.test, S_0000028e18e94100;
    %join;
    %pushi/vec4 11, 0, 4;
    %store/vec4 v0000028e18e94290_0, 0, 4;
    %pushi/vec4 13, 0, 4;
    %store/vec4 v0000028e18e94330_0, 0, 4;
    %pushi/vec4 8, 0, 4;
    %store/vec4 v0000028e18efcd90_0, 0, 4;
    %fork TD_testbench.test, S_0000028e18e94100;
    %join;
    %pushi/vec4 6, 0, 4;
    %store/vec4 v0000028e18e94290_0, 0, 4;
    %pushi/vec4 3, 0, 4;
    %store/vec4 v0000028e18e94330_0, 0, 4;
    %pushi/vec4 7, 0, 4;
    %store/vec4 v0000028e18efcd90_0, 0, 4;
    %fork TD_testbench.test, S_0000028e18e94100;
    %join;
    %pushi/vec4 10, 0, 4;
    %store/vec4 v0000028e18e94290_0, 0, 4;
    %pushi/vec4 3, 0, 4;
    %store/vec4 v0000028e18e94330_0, 0, 4;
    %pushi/vec4 13, 0, 4;
    %store/vec4 v0000028e18efcd90_0, 0, 4;
    %fork TD_testbench.test, S_0000028e18e94100;
    %join;
    %pushi/vec4 6, 0, 4;
    %store/vec4 v0000028e18e94290_0, 0, 4;
    %pushi/vec4 13, 0, 4;
    %store/vec4 v0000028e18e94330_0, 0, 4;
    %pushi/vec4 3, 0, 4;
    %store/vec4 v0000028e18efcd90_0, 0, 4;
    %fork TD_testbench.test, S_0000028e18e94100;
    %join;
    %pushi/vec4 10, 0, 4;
    %store/vec4 v0000028e18e94290_0, 0, 4;
    %pushi/vec4 13, 0, 4;
    %store/vec4 v0000028e18e94330_0, 0, 4;
    %pushi/vec4 8, 0, 4;
    %store/vec4 v0000028e18efcd90_0, 0, 4;
    %fork TD_testbench.test, S_0000028e18e94100;
    %join;
    %pushi/vec4 1, 0, 4;
    %store/vec4 v0000028e18e94290_0, 0, 4;
    %pushi/vec4 1, 0, 4;
    %store/vec4 v0000028e18e94330_0, 0, 4;
    %pushi/vec4 2, 0, 4;
    %store/vec4 v0000028e18efcd90_0, 0, 4;
    %fork TD_testbench.test, S_0000028e18e94100;
    %join;
    %pushi/vec4 1, 0, 4;
    %store/vec4 v0000028e18e94290_0, 0, 4;
    %pushi/vec4 15, 0, 4;
    %store/vec4 v0000028e18e94330_0, 0, 4;
    %pushi/vec4 0, 0, 4;
    %store/vec4 v0000028e18efcd90_0, 0, 4;
    %fork TD_testbench.test, S_0000028e18e94100;
    %join;
    %pushi/vec4 15, 0, 4;
    %store/vec4 v0000028e18e94290_0, 0, 4;
    %pushi/vec4 1, 0, 4;
    %store/vec4 v0000028e18e94330_0, 0, 4;
    %pushi/vec4 0, 0, 4;
    %store/vec4 v0000028e18efcd90_0, 0, 4;
    %fork TD_testbench.test, S_0000028e18e94100;
    %join;
    %pushi/vec4 15, 0, 4;
    %store/vec4 v0000028e18e94290_0, 0, 4;
    %pushi/vec4 15, 0, 4;
    %store/vec4 v0000028e18e94330_0, 0, 4;
    %pushi/vec4 14, 0, 4;
    %store/vec4 v0000028e18efcd90_0, 0, 4;
    %fork TD_testbench.test, S_0000028e18e94100;
    %join;
    %pushi/vec4 4, 0, 4;
    %store/vec4 v0000028e18e94290_0, 0, 4;
    %pushi/vec4 4, 0, 4;
    %store/vec4 v0000028e18e94330_0, 0, 4;
    %pushi/vec4 7, 0, 4;
    %store/vec4 v0000028e18efcd90_0, 0, 4;
    %fork TD_testbench.test, S_0000028e18e94100;
    %join;
    %pushi/vec4 4, 0, 4;
    %store/vec4 v0000028e18e94290_0, 0, 4;
    %pushi/vec4 12, 0, 4;
    %store/vec4 v0000028e18e94330_0, 0, 4;
    %pushi/vec4 0, 0, 4;
    %store/vec4 v0000028e18efcd90_0, 0, 4;
    %fork TD_testbench.test, S_0000028e18e94100;
    %join;
    %pushi/vec4 12, 0, 4;
    %store/vec4 v0000028e18e94290_0, 0, 4;
    %pushi/vec4 4, 0, 4;
    %store/vec4 v0000028e18e94330_0, 0, 4;
    %pushi/vec4 0, 0, 4;
    %store/vec4 v0000028e18efcd90_0, 0, 4;
    %fork TD_testbench.test, S_0000028e18e94100;
    %join;
    %pushi/vec4 12, 0, 4;
    %store/vec4 v0000028e18e94290_0, 0, 4;
    %pushi/vec4 12, 0, 4;
    %store/vec4 v0000028e18e94330_0, 0, 4;
    %pushi/vec4 8, 0, 4;
    %store/vec4 v0000028e18efcd90_0, 0, 4;
    %fork TD_testbench.test, S_0000028e18e94100;
    %join;
    %vpi_call/w 4 88 "$display", "PASS %s", "testbench.sv" {0 0 0};
    %vpi_call/w 4 89 "$finish" {0 0 0};
    %end;
    .thread T_2;
# The file index is used to find the file name in the following table.
:file_names 5;
    "N/A";
    "<interactive>";
    "-";
    "03_02_signed_add_with_saturation.sv";
    "testbench.sv";
