#! /c/Source/iverilog-install/bin/vvp
:ivl_version "12.0 (devel)" "(s20150603-1539-g2693dd32b)";
:ivl_delay_selection "TYPICAL";
:vpi_time_precision + 0;
:vpi_module "C:\iverilog\lib\ivl\system.vpi";
:vpi_module "C:\iverilog\lib\ivl\vhdl_sys.vpi";
:vpi_module "C:\iverilog\lib\ivl\vhdl_textio.vpi";
:vpi_module "C:\iverilog\lib\ivl\v2005_math.vpi";
:vpi_module "C:\iverilog\lib\ivl\va_math.vpi";
:vpi_module "C:\iverilog\lib\ivl\v2009.vpi";
S_0000016234a64c60 .scope package, "$unit" "$unit" 2 1;
 .timescale 0 0;
S_0000016234a70d30 .scope module, "testbench" "testbench" 3 1;
 .timescale 0 0;
P_0000016234a55790 .param/l "N" 1 3 3, +C4<00000000000000000000000000001000>;
P_0000016234a557c8 .param/l "S" 1 3 3, +C4<00000000000000000000000000000011>;
v0000016234ad8830_0 .var/s "a", 7 0;
v0000016234ad80b0 .array "res", 3 0;
v0000016234ad80b0_0 .net/s v0000016234ad80b0 0, 7 0, L_0000016234ad8650; 1 drivers
v0000016234ad80b0_1 .net/s v0000016234ad80b0 1, 7 0, L_0000016234ad76b0; 1 drivers
v0000016234ad80b0_2 .net/s v0000016234ad80b0 2, 7 0, v0000016234a792e0_0; 1 drivers
v0000016234ad80b0_3 .net/s v0000016234ad80b0 3, 7 0, L_0000016234ad7b10; 1 drivers
S_0000016234a70ec0 .scope begin, "$ivl_for_loop2" "$ivl_for_loop2" 3 35, 3 35 0, S_0000016234a70d30;
 .timescale 0 0;
v0000016234a79a60_0 .var/2s "i", 31 0;
S_0000016234a67bb0 .scope begin, "$ivl_for_loop3" "$ivl_for_loop3" 3 40, 3 40 0, S_0000016234a70d30;
 .timescale 0 0;
v0000016234a799c0_0 .var/2s "i", 31 0;
S_0000016234a67d40 .scope module, "i4" "arithmetic_right_shift_of_N_by_S_using_arithmetic_right_shift_operation" 3 8, 4 5 0, S_0000016234a70d30;
 .timescale 0 0;
    .port_info 0 /INPUT 8 "a";
    .port_info 1 /OUTPUT 8 "res";
P_0000016234a56010 .param/l "N" 0 4 6, +C4<00000000000000000000000000001000>;
P_0000016234a56048 .param/l "S" 0 4 6, +C4<00000000000000000000000000000011>;
L_0000016234a6e520 .functor BUFZ 8, v0000016234ad8830_0, C4<00000000>, C4<00000000>, C4<00000000>;
v0000016234a79b00_0 .net *"_ivl_4", 4 0, L_0000016234ad6c10;  1 drivers
v0000016234a79c40_0 .net "a", 7 0, v0000016234ad8830_0;  1 drivers
v0000016234a79ec0_0 .net/s "as", 7 0, L_0000016234a6e520;  1 drivers
v0000016234a79380_0 .net "res", 7 0, L_0000016234ad8650;  alias, 1 drivers
L_0000016234ad6c10 .part L_0000016234a6e520, 3, 5;
L_0000016234ad8650 .extend/s 8, L_0000016234ad6c10;
S_0000016234a66560 .scope module, "i5" "arithmetic_right_shift_of_N_by_S_using_concatenation" 3 11, 4 18 0, S_0000016234a70d30;
 .timescale 0 0;
    .port_info 0 /INPUT 8 "a";
    .port_info 1 /OUTPUT 8 "res";
P_0000016234a55e90 .param/l "N" 0 4 19, +C4<00000000000000000000000000001000>;
P_0000016234a55ec8 .param/l "S" 0 4 19, +C4<00000000000000000000000000000011>;
v0000016234a79ce0_0 .net *"_ivl_11", 4 0, L_0000016234ad7930;  1 drivers
v0000016234a79d80_0 .net *"_ivl_2", 4 0, L_0000016234ad79d0;  1 drivers
L_0000016234b20088 .functor BUFT 1, C4<000>, C4<0>, C4<0>, C4<0>;
v0000016234a79240_0 .net *"_ivl_4", 2 0, L_0000016234b20088;  1 drivers
v0000016234a79600_0 .net *"_ivl_8", 2 0, L_0000016234ad8ab0;  1 drivers
v0000016234a79920_0 .net "a", 7 0, v0000016234ad8830_0;  alias, 1 drivers
v0000016234a79e20_0 .net "res", 7 0, L_0000016234ad76b0;  alias, 1 drivers
v0000016234a78fc0_0 .net "shifted_part", 7 0, L_0000016234ad7430;  1 drivers
v0000016234a79560_0 .net "sign_bit", 0 0, L_0000016234ad7a70;  1 drivers
L_0000016234ad79d0 .part v0000016234ad8830_0, 3, 5;
L_0000016234ad7430 .concat [ 5 3 0 0], L_0000016234ad79d0, L_0000016234b20088;
L_0000016234ad7a70 .part v0000016234ad8830_0, 7, 1;
L_0000016234ad8ab0 .concat [ 1 1 1 0], L_0000016234ad7a70, L_0000016234ad7a70, L_0000016234ad7a70;
L_0000016234ad7930 .part L_0000016234ad7430, 0, 5;
L_0000016234ad76b0 .concat [ 5 3 0 0], L_0000016234ad7930, L_0000016234ad8ab0;
S_0000016234a666f0 .scope module, "i6" "arithmetic_right_shift_of_N_by_S_using_for_inside_always" 3 14, 4 42 0, S_0000016234a70d30;
 .timescale 0 0;
    .port_info 0 /INPUT 8 "a";
    .port_info 1 /OUTPUT 8 "res";
P_0000016234a55a90 .param/l "N" 0 4 43, +C4<00000000000000000000000000001000>;
P_0000016234a55ac8 .param/l "S" 0 4 43, +C4<00000000000000000000000000000011>;
v0000016234a79740_0 .net "a", 7 0, v0000016234ad8830_0;  alias, 1 drivers
v0000016234a792e0_0 .var "res", 7 0;
E_0000016234a7b720 .event anyedge, v0000016234a79c40_0, v0000016234a79c40_0;
S_0000016234a32520 .scope begin, "$ivl_for_loop0" "$ivl_for_loop0" 4 57, 4 57 0, S_0000016234a666f0;
 .timescale 0 0;
S_0000016234a326b0 .scope begin, "$ivl_for_loop1" "$ivl_for_loop1" 4 61, 4 61 0, S_0000016234a666f0;
 .timescale 0 0;
v0000016234a79420_0 .var/2s "i", 31 0;
S_0000016234ad4a40 .scope module, "i7" "arithmetic_right_shift_of_N_by_S_using_for_inside_generate" 3 17, 4 73 0, S_0000016234a70d30;
 .timescale 0 0;
    .port_info 0 /INPUT 8 "a";
    .port_info 1 /OUTPUT 8 "res";
P_0000016234a56410 .param/l "N" 0 4 74, +C4<00000000000000000000000000001000>;
P_0000016234a56448 .param/l "S" 0 4 74, +C4<00000000000000000000000000000011>;
v0000016234ad7bb0_0 .net "a", 7 0, v0000016234ad8830_0;  alias, 1 drivers
v0000016234ad7d90_0 .net "res", 7 0, L_0000016234ad7b10;  alias, 1 drivers
L_0000016234ad8150 .part v0000016234ad8830_0, 3, 1;
L_0000016234ad7750 .part v0000016234ad8830_0, 4, 1;
L_0000016234ad74d0 .part v0000016234ad8830_0, 5, 1;
L_0000016234ad8290 .part v0000016234ad8830_0, 6, 1;
L_0000016234ad7ed0 .part v0000016234ad8830_0, 7, 1;
L_0000016234ad7570 .part v0000016234ad8830_0, 7, 1;
L_0000016234ad81f0 .part v0000016234ad8830_0, 7, 1;
LS_0000016234ad7b10_0_0 .concat8 [ 1 1 1 1], L_0000016234ad8150, L_0000016234ad7750, L_0000016234ad74d0, L_0000016234ad8290;
LS_0000016234ad7b10_0_4 .concat8 [ 1 1 1 1], L_0000016234ad7ed0, L_0000016234ad7570, L_0000016234ad81f0, L_0000016234ad6e90;
L_0000016234ad7b10 .concat8 [ 4 4 0 0], LS_0000016234ad7b10_0_0, LS_0000016234ad7b10_0_4;
L_0000016234ad6e90 .part v0000016234ad8830_0, 7, 1;
S_0000016234ad4bd0 .scope generate, "genblk1[0]" "genblk1[0]" 4 83, 4 83 0, S_0000016234ad4a40;
 .timescale 0 0;
P_0000016234a7bde0 .param/l "i" 0 4 83, +C4<00>;
S_0000016234ad4d60 .scope generate, "genblk1" "genblk1" 4 84, 4 84 0, S_0000016234ad4bd0;
 .timescale 0 0;
v0000016234a794c0_0 .net *"_ivl_0", 0 0, L_0000016234ad8150;  1 drivers
S_0000016234ad4ef0 .scope generate, "genblk1[1]" "genblk1[1]" 4 83, 4 83 0, S_0000016234ad4a40;
 .timescale 0 0;
P_0000016234a7b960 .param/l "i" 0 4 83, +C4<01>;
S_0000016234ad5080 .scope generate, "genblk1" "genblk1" 4 84, 4 84 0, S_0000016234ad4ef0;
 .timescale 0 0;
v0000016234a796a0_0 .net *"_ivl_0", 0 0, L_0000016234ad7750;  1 drivers
S_0000016234ad5620 .scope generate, "genblk1[2]" "genblk1[2]" 4 83, 4 83 0, S_0000016234ad4a40;
 .timescale 0 0;
P_0000016234a7b3e0 .param/l "i" 0 4 83, +C4<010>;
S_0000016234ad6610 .scope generate, "genblk1" "genblk1" 4 84, 4 84 0, S_0000016234ad5620;
 .timescale 0 0;
v0000016234a79060_0 .net *"_ivl_0", 0 0, L_0000016234ad74d0;  1 drivers
S_0000016234ad5fd0 .scope generate, "genblk1[3]" "genblk1[3]" 4 83, 4 83 0, S_0000016234ad4a40;
 .timescale 0 0;
P_0000016234a7b760 .param/l "i" 0 4 83, +C4<011>;
S_0000016234ad62f0 .scope generate, "genblk1" "genblk1" 4 84, 4 84 0, S_0000016234ad5fd0;
 .timescale 0 0;
v0000016234a797e0_0 .net *"_ivl_0", 0 0, L_0000016234ad8290;  1 drivers
S_0000016234ad5990 .scope generate, "genblk1[4]" "genblk1[4]" 4 83, 4 83 0, S_0000016234ad4a40;
 .timescale 0 0;
P_0000016234a7bd20 .param/l "i" 0 4 83, +C4<0100>;
S_0000016234ad6160 .scope generate, "genblk1" "genblk1" 4 84, 4 84 0, S_0000016234ad5990;
 .timescale 0 0;
v0000016234a79880_0 .net *"_ivl_0", 0 0, L_0000016234ad7ed0;  1 drivers
S_0000016234ad5800 .scope generate, "genblk1[5]" "genblk1[5]" 4 83, 4 83 0, S_0000016234ad4a40;
 .timescale 0 0;
P_0000016234a7bbe0 .param/l "i" 0 4 83, +C4<0101>;
S_0000016234ad6480 .scope generate, "genblk1" "genblk1" 4 84, 4 84 0, S_0000016234ad5800;
 .timescale 0 0;
v0000016234ad8010_0 .net *"_ivl_0", 0 0, L_0000016234ad7570;  1 drivers
S_0000016234ad5e40 .scope generate, "genblk1[6]" "genblk1[6]" 4 83, 4 83 0, S_0000016234ad4a40;
 .timescale 0 0;
P_0000016234a7ba60 .param/l "i" 0 4 83, +C4<0110>;
S_0000016234ad5b20 .scope generate, "genblk1" "genblk1" 4 84, 4 84 0, S_0000016234ad5e40;
 .timescale 0 0;
v0000016234ad8470_0 .net *"_ivl_0", 0 0, L_0000016234ad81f0;  1 drivers
S_0000016234ad5cb0 .scope generate, "genblk1[7]" "genblk1[7]" 4 83, 4 83 0, S_0000016234ad4a40;
 .timescale 0 0;
P_0000016234a7b1e0 .param/l "i" 0 4 83, +C4<0111>;
S_0000016234ad9d50 .scope generate, "genblk1" "genblk1" 4 84, 4 84 0, S_0000016234ad5cb0;
 .timescale 0 0;
v0000016234ad7250_0 .net *"_ivl_0", 0 0, L_0000016234ad6e90;  1 drivers
    .scope S_0000016234a666f0;
T_0 ;
Ewait_0 .event/or E_0000016234a7b720, E_0x0;
    %wait Ewait_0;
    %fork t_1, S_0000016234a326b0;
    %jmp t_0;
    .scope S_0000016234a326b0;
t_1 ;
    %pushi/vec4 0, 0, 32;
    %store/vec4 v0000016234a79420_0, 0, 32;
T_0.0 ;
    %load/vec4 v0000016234a79420_0;
    %cmpi/s 8, 0, 32;
    %jmp/0xz T_0.1, 5;
    %load/vec4 v0000016234a79420_0;
    %addi 3, 0, 32;
    %cmpi/s 8, 0, 32;
    %jmp/0xz  T_0.2, 5;
    %load/vec4 v0000016234a79740_0;
    %load/vec4 v0000016234a79420_0;
    %addi 3, 0, 32;
    %part/s 1;
    %ix/getv/s 4, v0000016234a79420_0;
    %store/vec4 v0000016234a792e0_0, 4, 1;
    %jmp T_0.3;
T_0.2 ;
    %load/vec4 v0000016234a79740_0;
    %parti/s 1, 7, 4;
    %ix/getv/s 4, v0000016234a79420_0;
    %store/vec4 v0000016234a792e0_0, 4, 1;
T_0.3 ;
    ; show_stmt_assign_vector: Get l-value for compressed += operand
    %load/vec4 v0000016234a79420_0;
    %pushi/vec4 1, 0, 32;
    %add;
    %cast2;
    %store/vec4 v0000016234a79420_0, 0, 32;
    %jmp T_0.0;
T_0.1 ;
    %end;
    .scope S_0000016234a666f0;
t_0 %join;
    %jmp T_0;
    .thread T_0, $push;
    .scope S_0000016234a70d30;
T_1 ;
    %pushi/vec4 20, 0, 32;
T_1.0 %dup/vec4;
    %pushi/vec4 0, 0, 32;
    %cmp/s;
    %jmp/1xz T_1.1, 5;
    %jmp/1 T_1.1, 4;
    %pushi/vec4 1, 0, 32;
    %sub;
    %vpi_func 3 30 "$urandom" 32 {0 0 0};
    %pad/u 8;
    %store/vec4 v0000016234ad8830_0, 0, 8;
    %delay 1, 0;
    %vpi_call/w 3 33 "$write", "TEST %d %b", v0000016234ad8830_0, v0000016234ad8830_0 {0 0 0};
    %fork t_3, S_0000016234a70ec0;
    %jmp t_2;
    .scope S_0000016234a70ec0;
t_3 ;
    %pushi/vec4 0, 0, 32;
    %store/vec4 v0000016234a79a60_0, 0, 32;
T_1.2 ;
    %load/vec4 v0000016234a79a60_0;
    %cmpi/s 4, 0, 32;
    %jmp/0xz T_1.3, 5;
    %vpi_call/w 3 36 "$write", " %d %b", &A<v0000016234ad80b0, v0000016234a79a60_0 >, &A<v0000016234ad80b0, v0000016234a79a60_0 > {0 0 0};
    ; show_stmt_assign_vector: Get l-value for compressed += operand
    %load/vec4 v0000016234a79a60_0;
    %pushi/vec4 1, 0, 32;
    %add;
    %cast2;
    %store/vec4 v0000016234a79a60_0, 0, 32;
    %jmp T_1.2;
T_1.3 ;
    %end;
    .scope S_0000016234a70d30;
t_2 %join;
    %vpi_call/w 3 38 "$display" {0 0 0};
    %fork t_5, S_0000016234a67bb0;
    %jmp t_4;
    .scope S_0000016234a67bb0;
t_5 ;
    %pushi/vec4 1, 0, 32;
    %store/vec4 v0000016234a799c0_0, 0, 32;
T_1.4 ;
    %load/vec4 v0000016234a799c0_0;
    %cmpi/s 4, 0, 32;
    %jmp/0xz T_1.5, 5;
    %ix/getv/s 4, v0000016234a799c0_0;
    %load/vec4a v0000016234ad80b0, 4;
    %ix/load 4, 0, 0;
    %flag_set/imm 4, 0;
    %load/vec4a v0000016234ad80b0, 4;
    %cmp/ne;
    %jmp/0xz  T_1.6, 6;
    %vpi_call/w 3 43 "$display", "FAIL %s. EXPECTED %d %b", "testbench.sv", v0000016234ad80b0_0, v0000016234ad80b0_0 {0 0 0};
    %vpi_call/w 3 46 "$finish" {0 0 0};
T_1.6 ;
    ; show_stmt_assign_vector: Get l-value for compressed += operand
    %load/vec4 v0000016234a799c0_0;
    %pushi/vec4 1, 0, 32;
    %add;
    %cast2;
    %store/vec4 v0000016234a799c0_0, 0, 32;
    %jmp T_1.4;
T_1.5 ;
    %end;
    .scope S_0000016234a70d30;
t_4 %join;
    %jmp T_1.0;
T_1.1 ;
    %pop/vec4 1;
    %vpi_call/w 3 60 "$display", "PASS %s", "testbench.sv" {0 0 0};
    %vpi_call/w 3 61 "$finish" {0 0 0};
    %end;
    .thread T_1;
# The file index is used to find the file name in the following table.
:file_names 5;
    "N/A";
    "<interactive>";
    "-";
    "testbench.sv";
    "03_06_arithmetic_shift_or_signed_divide_by_power_of_2.sv";
